Compiled jquery.js  (5ms)  (pid 10464)
Compiled jquery_ujs.js  (1ms)  (pid 10464)
Compiled sessions.js  (1173ms)  (pid 10464)
Compiled static_pages.js  (214ms)  (pid 10464)
Compiled users.js  (727ms)  (pid 10464)
Compiled application.js  (2273ms)  (pid 10464)
Compiled custom.css  (3417ms)  (pid 10464)
Compiled sessions.css  (4ms)  (pid 10464)
Compiled static_pages.css  (4ms)  (pid 10464)
Compiled users.css  (3ms)  (pid 10464)
Compiled application.css  (3532ms)  (pid 10464)
Compiled jquery.js  (6ms)  (pid 20352)
Compiled jquery_ujs.js  (0ms)  (pid 20352)
Compiled sessions.js  (848ms)  (pid 20352)
Compiled static_pages.js  (237ms)  (pid 20352)
Compiled users.js  (285ms)  (pid 20352)
Compiled application.js  (1540ms)  (pid 20352)
Compiled custom.css  (5982ms)  (pid 20352)
Compiled sessions.css  (3ms)  (pid 20352)
Compiled static_pages.css  (182ms)  (pid 20352)
Compiled users.css  (4ms)  (pid 20352)
Compiled application.css  (6396ms)  (pid 20352)
